<?xml version="1.0" encoding="UTF-8"?>
<coverage generated="1720203637883" clover="3.2.0">
  <project timestamp="1720203637884" name="All files">
    <metrics statements="14" coveredstatements="13" conditionals="0" coveredconditionals="0" methods="4" coveredmethods="4" elements="18" coveredelements="17" complexity="0" loc="14" ncloc="14" packages="1" files="1" classes="1"/>
    <file name="user_services.ts" path="C:\Users\tyler\Desktop\gitrepos_\annonchat\annon_server\services\user_services.ts">
      <metrics statements="14" coveredstatements="13" conditionals="0" coveredconditionals="0" methods="4" coveredmethods="4"/>
      <line num="2" count="1" type="stmt"/>
      <line num="3" count="1" type="stmt"/>
      <line num="5" count="1" type="stmt"/>
      <line num="9" count="1" type="stmt"/>
      <line num="10" count="2" type="stmt"/>
      <line num="11" count="2" type="stmt"/>
      <line num="12" count="2" type="stmt"/>
      <line num="17" count="1" type="stmt"/>
      <line num="18" count="1" type="stmt"/>
      <line num="26" count="0" type="stmt"/>
      <line num="30" count="1" type="stmt"/>
      <line num="31" count="1" type="stmt"/>
      <line num="32" count="1" type="stmt"/>
      <line num="33" count="1" type="stmt"/>
    </file>
  </project>
</coverage>
