{"C:\\Users\\tyler\\Desktop\\gitrepos_\\annonchat\\annon_server\\services\\authentication_service.ts": {"path":"C:\\Users\\tyler\\Desktop\\gitrepos_\\annonchat\\annon_server\\services\\authentication_service.ts","statementMap":{"0":{"start":{"line":3,"column":12},"end":{"line":3,"column":35}},"1":{"start":{"line":5,"column":18},"end":{"line":5,"column":34}},"2":{"start":{"line":14,"column":27},"end":{"line":18,"column":1}},"3":{"start":{"line":15,"column":22},"end":{"line":15,"column":26}},"4":{"start":{"line":16,"column":18},"end":{"line":16,"column":59}},"5":{"start":{"line":17,"column":4},"end":{"line":17,"column":17}},"6":{"start":{"line":14,"column":13},"end":{"line":14,"column":27}},"7":{"start":{"line":21,"column":33},"end":{"line":28,"column":1}},"8":{"start":{"line":22,"column":4},"end":{"line":27,"column":5}},"9":{"start":{"line":23,"column":24},"end":{"line":23,"column":52}},"10":{"start":{"line":24,"column":8},"end":{"line":24,"column":23}},"11":{"start":{"line":26,"column":8},"end":{"line":26,"column":20}},"12":{"start":{"line":21,"column":13},"end":{"line":21,"column":33}}},"fnMap":{"0":{"name":"(anonymous_0)","decl":{"start":{"line":14,"column":27},"end":{"line":14,"column":28}},"loc":{"start":{"line":14,"column":52},"end":{"line":18,"column":1}}},"1":{"name":"(anonymous_1)","decl":{"start":{"line":21,"column":33},"end":{"line":21,"column":34}},"loc":{"start":{"line":21,"column":51},"end":{"line":28,"column":1}}}},"branchMap":{},"s":{"0":1,"1":1,"2":1,"3":2,"4":2,"5":2,"6":1,"7":1,"8":2,"9":2,"10":1,"11":1,"12":1},"f":{"0":2,"1":2},"b":{}}
,"C:\\Users\\tyler\\Desktop\\gitrepos_\\annonchat\\annon_server\\services\\user_services.ts": {"path":"C:\\Users\\tyler\\Desktop\\gitrepos_\\annonchat\\annon_server\\services\\user_services.ts","statementMap":{"0":{"start":{"line":2,"column":0},"end":{"line":2,"column":51}},"1":{"start":{"line":3,"column":0},"end":{"line":3,"column":36}},"2":{"start":{"line":5,"column":15},"end":{"line":5,"column":33}},"3":{"start":{"line":9,"column":28},"end":{"line":14,"column":1}},"4":{"start":{"line":10,"column":15},"end":{"line":10,"column":35}},"5":{"start":{"line":11,"column":4},"end":{"line":11,"column":26}},"6":{"start":{"line":12,"column":4},"end":{"line":12,"column":30}},"7":{"start":{"line":9,"column":13},"end":{"line":9,"column":28}},"8":{"start":{"line":17,"column":33},"end":{"line":27,"column":null}},"9":{"start":{"line":17,"column":91},"end":{"line":27,"column":null}},"10":{"start":{"line":18,"column":21},"end":{"line":25,"column":10}},"11":{"start":{"line":26,"column":4},"end":{"line":26,"column":16}},"12":{"start":{"line":17,"column":13},"end":{"line":17,"column":33}},"13":{"start":{"line":30,"column":35},"end":{"line":37,"column":1}},"14":{"start":{"line":31,"column":15},"end":{"line":31,"column":35}},"15":{"start":{"line":32,"column":4},"end":{"line":32,"column":53}},"16":{"start":{"line":33,"column":4},"end":{"line":33,"column":30}},"17":{"start":{"line":30,"column":13},"end":{"line":30,"column":35}},"18":{"start":{"line":40,"column":41},"end":{"line":45,"column":null}},"19":{"start":{"line":40,"column":85},"end":{"line":45,"column":null}},"20":{"start":{"line":41,"column":21},"end":{"line":43,"column":6}},"21":{"start":{"line":44,"column":4},"end":{"line":44,"column":20}},"22":{"start":{"line":40,"column":13},"end":{"line":40,"column":41}}},"fnMap":{"0":{"name":"(anonymous_7)","decl":{"start":{"line":9,"column":28},"end":{"line":9,"column":29}},"loc":{"start":{"line":9,"column":50},"end":{"line":14,"column":1}}},"1":{"name":"(anonymous_8)","decl":{"start":{"line":17,"column":33},"end":{"line":17,"column":39}},"loc":{"start":{"line":17,"column":91},"end":{"line":27,"column":null}}},"2":{"name":"(anonymous_9)","decl":{"start":{"line":17,"column":91},"end":{"line":17,"column":null}},"loc":{"start":{"line":17,"column":91},"end":{"line":27,"column":1}}},"3":{"name":"(anonymous_10)","decl":{"start":{"line":30,"column":35},"end":{"line":30,"column":36}},"loc":{"start":{"line":30,"column":56},"end":{"line":37,"column":1}}},"4":{"name":"(anonymous_11)","decl":{"start":{"line":40,"column":41},"end":{"line":40,"column":47}},"loc":{"start":{"line":40,"column":85},"end":{"line":45,"column":null}}},"5":{"name":"(anonymous_12)","decl":{"start":{"line":40,"column":85},"end":{"line":40,"column":null}},"loc":{"start":{"line":40,"column":85},"end":{"line":45,"column":1}}}},"branchMap":{},"s":{"0":1,"1":1,"2":1,"3":1,"4":3,"5":3,"6":3,"7":1,"8":1,"9":1,"10":1,"11":0,"12":1,"13":1,"14":1,"15":1,"16":1,"17":1,"18":1,"19":1,"20":1,"21":1,"22":1},"f":{"0":3,"1":1,"2":1,"3":1,"4":1,"5":1},"b":{}}
}
