TN:
SF:services\authentication_service.ts
FN:14,(anonymous_0)
FN:21,(anonymous_1)
FNF:2
FNH:2
FNDA:2,(anonymous_0)
FNDA:2,(anonymous_1)
DA:3,1
DA:5,1
DA:14,1
DA:15,2
DA:16,2
DA:17,2
DA:21,1
DA:22,2
DA:23,2
DA:24,1
DA:26,1
LF:11
LH:11
BRF:0
BRH:0
end_of_record
TN:
SF:services\user_services.ts
FN:9,(anonymous_7)
FN:17,(anonymous_8)
FN:17,(anonymous_9)
FN:30,(anonymous_10)
FN:40,(anonymous_11)
FN:40,(anonymous_12)
FNF:6
FNH:6
FNDA:3,(anonymous_7)
FNDA:1,(anonymous_8)
FNDA:1,(anonymous_9)
FNDA:1,(anonymous_10)
FNDA:1,(anonymous_11)
FNDA:1,(anonymous_12)
DA:2,1
DA:3,1
DA:5,1
DA:9,1
DA:10,3
DA:11,3
DA:12,3
DA:17,1
DA:18,1
DA:26,0
DA:30,1
DA:31,1
DA:32,1
DA:33,1
DA:40,1
DA:41,1
DA:44,1
LF:17
LH:16
BRF:0
BRH:0
end_of_record
